mode: set
github.com/JMURv/sso/internal/controller/controller.go:44.79,51.2 1 1
github.com/JMURv/sso/internal/controller/sso_controller.go:42.51,44.96 2 1
github.com/JMURv/sso/internal/controller/sso_controller.go:44.96,46.3 1 0
github.com/JMURv/sso/internal/controller/sso_controller.go:49.95,56.52 6 1
github.com/JMURv/sso/internal/controller/sso_controller.go:56.52,58.3 1 1
github.com/JMURv/sso/internal/controller/sso_controller.go:58.8,58.23 1 1
github.com/JMURv/sso/internal/controller/sso_controller.go:58.23,61.3 2 1
github.com/JMURv/sso/internal/controller/sso_controller.go:63.2,63.18 1 1
github.com/JMURv/sso/internal/controller/sso_controller.go:66.114,74.68 7 1
github.com/JMURv/sso/internal/controller/sso_controller.go:74.68,76.3 1 1
github.com/JMURv/sso/internal/controller/sso_controller.go:78.2,79.16 2 1
github.com/JMURv/sso/internal/controller/sso_controller.go:79.16,82.3 2 1
github.com/JMURv/sso/internal/controller/sso_controller.go:84.2,84.49 1 1
github.com/JMURv/sso/internal/controller/sso_controller.go:84.49,85.83 1 1
github.com/JMURv/sso/internal/controller/sso_controller.go:85.83,87.4 1 1
github.com/JMURv/sso/internal/controller/sso_controller.go:90.2,90.17 1 1
github.com/JMURv/sso/internal/controller/sso_controller.go:93.99,101.68 7 1
github.com/JMURv/sso/internal/controller/sso_controller.go:101.68,103.3 1 1
github.com/JMURv/sso/internal/controller/sso_controller.go:105.2,106.52 2 1
github.com/JMURv/sso/internal/controller/sso_controller.go:106.52,108.3 1 1
github.com/JMURv/sso/internal/controller/sso_controller.go:108.8,108.23 1 1
github.com/JMURv/sso/internal/controller/sso_controller.go:108.23,111.3 2 1
github.com/JMURv/sso/internal/controller/sso_controller.go:113.2,113.49 1 1
github.com/JMURv/sso/internal/controller/sso_controller.go:113.49,114.83 1 1
github.com/JMURv/sso/internal/controller/sso_controller.go:114.83,116.4 1 1
github.com/JMURv/sso/internal/controller/sso_controller.go:118.2,118.17 1 1
github.com/JMURv/sso/internal/controller/sso_controller.go:121.94,129.67 7 1
github.com/JMURv/sso/internal/controller/sso_controller.go:129.67,131.3 1 1
github.com/JMURv/sso/internal/controller/sso_controller.go:133.2,134.52 2 1
github.com/JMURv/sso/internal/controller/sso_controller.go:134.52,136.3 1 1
github.com/JMURv/sso/internal/controller/sso_controller.go:136.8,136.23 1 1
github.com/JMURv/sso/internal/controller/sso_controller.go:136.23,139.3 2 1
github.com/JMURv/sso/internal/controller/sso_controller.go:141.2,141.49 1 1
github.com/JMURv/sso/internal/controller/sso_controller.go:141.49,142.83 1 1
github.com/JMURv/sso/internal/controller/sso_controller.go:142.83,144.4 1 1
github.com/JMURv/sso/internal/controller/sso_controller.go:147.2,147.17 1 1
github.com/JMURv/sso/internal/controller/sso_controller.go:150.93,158.67 7 1
github.com/JMURv/sso/internal/controller/sso_controller.go:158.67,160.3 1 1
github.com/JMURv/sso/internal/controller/sso_controller.go:162.2,163.52 2 1
github.com/JMURv/sso/internal/controller/sso_controller.go:163.52,165.3 1 1
github.com/JMURv/sso/internal/controller/sso_controller.go:165.8,165.23 1 1
github.com/JMURv/sso/internal/controller/sso_controller.go:165.23,168.3 2 1
github.com/JMURv/sso/internal/controller/sso_controller.go:170.2,170.49 1 1
github.com/JMURv/sso/internal/controller/sso_controller.go:170.49,171.83 1 1
github.com/JMURv/sso/internal/controller/sso_controller.go:171.83,173.4 1 1
github.com/JMURv/sso/internal/controller/sso_controller.go:176.2,176.17 1 1
github.com/JMURv/sso/internal/controller/sso_controller.go:179.137,186.57 6 1
github.com/JMURv/sso/internal/controller/sso_controller.go:186.57,189.3 2 1
github.com/JMURv/sso/internal/controller/sso_controller.go:189.8,189.23 1 1
github.com/JMURv/sso/internal/controller/sso_controller.go:189.23,192.3 2 1
github.com/JMURv/sso/internal/controller/sso_controller.go:194.2,194.47 1 1
github.com/JMURv/sso/internal/controller/sso_controller.go:194.47,195.106 1 1
github.com/JMURv/sso/internal/controller/sso_controller.go:195.106,197.4 1 1
github.com/JMURv/sso/internal/controller/sso_controller.go:200.2,200.36 1 1
github.com/JMURv/sso/internal/controller/sso_controller.go:200.36,202.17 2 1
github.com/JMURv/sso/internal/controller/sso_controller.go:202.17,208.4 1 0
github.com/JMURv/sso/internal/controller/sso_controller.go:211.2,212.16 2 1
github.com/JMURv/sso/internal/controller/sso_controller.go:212.16,215.3 2 1
github.com/JMURv/sso/internal/controller/sso_controller.go:217.2,218.16 2 1
github.com/JMURv/sso/internal/controller/sso_controller.go:218.16,221.3 2 0
github.com/JMURv/sso/internal/controller/sso_controller.go:223.2,224.42 2 1
github.com/JMURv/sso/internal/controller/sso_controller.go:227.114,234.52 6 1
github.com/JMURv/sso/internal/controller/sso_controller.go:234.52,236.3 1 1
github.com/JMURv/sso/internal/controller/sso_controller.go:236.8,236.23 1 1
github.com/JMURv/sso/internal/controller/sso_controller.go:236.23,239.3 2 1
github.com/JMURv/sso/internal/controller/sso_controller.go:241.2,241.49 1 1
github.com/JMURv/sso/internal/controller/sso_controller.go:241.49,242.108 1 1
github.com/JMURv/sso/internal/controller/sso_controller.go:242.108,244.4 1 1
github.com/JMURv/sso/internal/controller/sso_controller.go:247.2,248.17 2 1
github.com/JMURv/sso/internal/controller/sso_controller.go:251.78,257.55 5 1
github.com/JMURv/sso/internal/controller/sso_controller.go:257.55,260.3 2 1
github.com/JMURv/sso/internal/controller/sso_controller.go:262.2,262.79 1 1
github.com/JMURv/sso/internal/controller/sso_controller.go:262.79,264.3 1 1
github.com/JMURv/sso/internal/controller/sso_controller.go:266.2,267.12 2 1
github.com/JMURv/sso/internal/controller/sso_controller.go:270.101,277.52 6 1
github.com/JMURv/sso/internal/controller/sso_controller.go:277.52,279.3 1 1
github.com/JMURv/sso/internal/controller/sso_controller.go:279.8,279.23 1 1
github.com/JMURv/sso/internal/controller/sso_controller.go:279.23,282.3 2 1
github.com/JMURv/sso/internal/controller/sso_controller.go:284.2,284.68 1 1
github.com/JMURv/sso/internal/controller/sso_controller.go:284.68,287.3 2 1
github.com/JMURv/sso/internal/controller/sso_controller.go:289.2,289.12 1 1
github.com/JMURv/sso/internal/controller/sso_controller.go:292.116,299.16 6 1
github.com/JMURv/sso/internal/controller/sso_controller.go:299.16,302.3 2 0
github.com/JMURv/sso/internal/controller/sso_controller.go:304.2,304.24 1 1
github.com/JMURv/sso/internal/controller/sso_controller.go:304.24,306.3 1 1
github.com/JMURv/sso/internal/controller/sso_controller.go:308.2,309.52 2 1
github.com/JMURv/sso/internal/controller/sso_controller.go:309.52,311.3 1 1
github.com/JMURv/sso/internal/controller/sso_controller.go:311.8,311.23 1 1
github.com/JMURv/sso/internal/controller/sso_controller.go:311.23,314.3 2 1
github.com/JMURv/sso/internal/controller/sso_controller.go:316.2,317.16 2 1
github.com/JMURv/sso/internal/controller/sso_controller.go:317.16,319.3 1 0
github.com/JMURv/sso/internal/controller/sso_controller.go:321.2,322.57 2 1
github.com/JMURv/sso/internal/controller/sso_controller.go:322.57,325.3 2 1
github.com/JMURv/sso/internal/controller/sso_controller.go:327.2,327.75 1 1
github.com/JMURv/sso/internal/controller/sso_controller.go:327.75,329.3 1 1
github.com/JMURv/sso/internal/controller/sso_controller.go:331.2,331.12 1 1
github.com/JMURv/sso/internal/controller/sso_controller.go:334.87,341.52 6 1
github.com/JMURv/sso/internal/controller/sso_controller.go:341.52,343.3 1 1
github.com/JMURv/sso/internal/controller/sso_controller.go:343.8,343.23 1 1
github.com/JMURv/sso/internal/controller/sso_controller.go:343.23,346.3 2 1
github.com/JMURv/sso/internal/controller/sso_controller.go:348.2,351.108 3 1
github.com/JMURv/sso/internal/controller/sso_controller.go:351.108,354.3 2 1
github.com/JMURv/sso/internal/controller/sso_controller.go:356.2,356.101 1 1
github.com/JMURv/sso/internal/controller/sso_controller.go:356.101,359.3 2 1
github.com/JMURv/sso/internal/controller/sso_controller.go:361.2,361.12 1 1
github.com/JMURv/sso/internal/controller/sso_controller.go:364.87,371.52 6 1
github.com/JMURv/sso/internal/controller/sso_controller.go:371.52,373.3 1 1
github.com/JMURv/sso/internal/controller/sso_controller.go:373.8,373.23 1 1
github.com/JMURv/sso/internal/controller/sso_controller.go:373.23,376.3 2 1
github.com/JMURv/sso/internal/controller/sso_controller.go:378.2,378.91 1 1
github.com/JMURv/sso/internal/controller/sso_controller.go:378.91,380.3 1 1
github.com/JMURv/sso/internal/controller/sso_controller.go:382.2,385.96 3 1
github.com/JMURv/sso/internal/controller/sso_controller.go:385.96,388.3 2 1
github.com/JMURv/sso/internal/controller/sso_controller.go:390.2,390.63 1 1
github.com/JMURv/sso/internal/controller/sso_controller.go:390.63,393.3 2 1
github.com/JMURv/sso/internal/controller/sso_controller.go:395.2,395.12 1 1
github.com/JMURv/sso/internal/controller/sso_controller.go:398.106,405.60 6 1
github.com/JMURv/sso/internal/controller/sso_controller.go:405.60,407.3 1 1
github.com/JMURv/sso/internal/controller/sso_controller.go:407.8,407.23 1 1
github.com/JMURv/sso/internal/controller/sso_controller.go:407.23,410.3 2 0
github.com/JMURv/sso/internal/controller/sso_controller.go:412.2,412.24 1 1
github.com/JMURv/sso/internal/controller/sso_controller.go:412.24,414.3 1 1
github.com/JMURv/sso/internal/controller/sso_controller.go:416.2,417.52 2 1
github.com/JMURv/sso/internal/controller/sso_controller.go:417.52,419.3 1 0
github.com/JMURv/sso/internal/controller/sso_controller.go:419.8,419.23 1 1
github.com/JMURv/sso/internal/controller/sso_controller.go:419.23,422.3 2 1
github.com/JMURv/sso/internal/controller/sso_controller.go:424.2,425.16 2 1
github.com/JMURv/sso/internal/controller/sso_controller.go:425.16,428.3 2 1
github.com/JMURv/sso/internal/controller/sso_controller.go:430.2,431.16 2 1
github.com/JMURv/sso/internal/controller/sso_controller.go:431.16,434.3 2 1
github.com/JMURv/sso/internal/controller/sso_controller.go:435.2,435.39 1 1
