mode: set
github.com/JMURv/sso/internal/repository/db/db.go:22.43,31.16 2 0
github.com/JMURv/sso/internal/repository/db/db.go:31.16,33.3 1 0
github.com/JMURv/sso/internal/repository/db/db.go:35.2,35.36 1 0
github.com/JMURv/sso/internal/repository/db/db.go:35.36,37.3 1 0
github.com/JMURv/sso/internal/repository/db/db.go:39.2,39.60 1 0
github.com/JMURv/sso/internal/repository/db/db.go:39.60,41.3 1 0
github.com/JMURv/sso/internal/repository/db/db.go:43.2,44.32 2 0
github.com/JMURv/sso/internal/repository/db/db.go:47.36,49.2 1 0
github.com/JMURv/sso/internal/repository/db/db.go:51.114,58.126 5 1
github.com/JMURv/sso/internal/repository/db/db.go:58.126,60.3 1 1
github.com/JMURv/sso/internal/repository/db/db.go:62.2,68.16 2 1
github.com/JMURv/sso/internal/repository/db/db.go:68.16,70.3 1 1
github.com/JMURv/sso/internal/repository/db/db.go:71.2,74.18 3 1
github.com/JMURv/sso/internal/repository/db/db.go:74.18,86.17 2 1
github.com/JMURv/sso/internal/repository/db/db.go:86.17,88.4 1 0
github.com/JMURv/sso/internal/repository/db/db.go:89.3,89.26 1 1
github.com/JMURv/sso/internal/repository/db/db.go:92.2,92.35 1 1
github.com/JMURv/sso/internal/repository/db/db.go:92.35,94.3 1 0
github.com/JMURv/sso/internal/repository/db/db.go:96.2,104.8 3 1
github.com/JMURv/sso/internal/repository/db/db.go:107.99,113.95 5 1
github.com/JMURv/sso/internal/repository/db/db.go:113.95,115.3 1 1
github.com/JMURv/sso/internal/repository/db/db.go:117.2,122.16 2 1
github.com/JMURv/sso/internal/repository/db/db.go:122.16,124.3 1 1
github.com/JMURv/sso/internal/repository/db/db.go:125.2,128.18 3 1
github.com/JMURv/sso/internal/repository/db/db.go:128.18,140.17 2 1
github.com/JMURv/sso/internal/repository/db/db.go:140.17,142.4 1 0
github.com/JMURv/sso/internal/repository/db/db.go:143.3,143.26 1 1
github.com/JMURv/sso/internal/repository/db/db.go:146.2,146.35 1 1
github.com/JMURv/sso/internal/repository/db/db.go:146.35,148.3 1 0
github.com/JMURv/sso/internal/repository/db/db.go:150.2,158.8 3 1
github.com/JMURv/sso/internal/repository/db/db.go:161.94,183.26 6 1
github.com/JMURv/sso/internal/repository/db/db.go:183.26,185.3 1 0
github.com/JMURv/sso/internal/repository/db/db.go:185.8,185.23 1 1
github.com/JMURv/sso/internal/repository/db/db.go:185.23,187.3 1 1
github.com/JMURv/sso/internal/repository/db/db.go:189.2,189.17 1 1
github.com/JMURv/sso/internal/repository/db/db.go:192.93,214.26 6 1
github.com/JMURv/sso/internal/repository/db/db.go:214.26,216.3 1 0
github.com/JMURv/sso/internal/repository/db/db.go:216.8,216.23 1 1
github.com/JMURv/sso/internal/repository/db/db.go:216.23,218.3 1 1
github.com/JMURv/sso/internal/repository/db/db.go:220.2,220.17 1 1
github.com/JMURv/sso/internal/repository/db/db.go:223.90,230.16 6 1
github.com/JMURv/sso/internal/repository/db/db.go:230.16,232.3 1 0
github.com/JMURv/sso/internal/repository/db/db.go:232.8,232.47 1 1
github.com/JMURv/sso/internal/repository/db/db.go:232.47,234.3 1 0
github.com/JMURv/sso/internal/repository/db/db.go:236.2,236.24 1 1
github.com/JMURv/sso/internal/repository/db/db.go:236.24,238.3 1 1
github.com/JMURv/sso/internal/repository/db/db.go:240.2,241.16 2 1
github.com/JMURv/sso/internal/repository/db/db.go:241.16,243.3 1 0
github.com/JMURv/sso/internal/repository/db/db.go:244.2,246.20 2 1
github.com/JMURv/sso/internal/repository/db/db.go:246.20,248.3 1 1
github.com/JMURv/sso/internal/repository/db/db.go:250.2,250.21 1 1
github.com/JMURv/sso/internal/repository/db/db.go:250.21,252.3 1 1
github.com/JMURv/sso/internal/repository/db/db.go:254.2,268.16 3 1
github.com/JMURv/sso/internal/repository/db/db.go:268.16,270.3 1 1
github.com/JMURv/sso/internal/repository/db/db.go:272.2,272.16 1 1
github.com/JMURv/sso/internal/repository/db/db.go:275.91,292.16 5 1
github.com/JMURv/sso/internal/repository/db/db.go:292.16,294.3 1 0
github.com/JMURv/sso/internal/repository/db/db.go:296.2,297.16 2 1
github.com/JMURv/sso/internal/repository/db/db.go:297.16,299.3 1 0
github.com/JMURv/sso/internal/repository/db/db.go:300.2,300.14 1 1
github.com/JMURv/sso/internal/repository/db/db.go:300.14,302.3 1 1
github.com/JMURv/sso/internal/repository/db/db.go:304.2,304.12 1 1
github.com/JMURv/sso/internal/repository/db/db.go:307.74,313.16 5 1
github.com/JMURv/sso/internal/repository/db/db.go:313.16,315.3 1 1
github.com/JMURv/sso/internal/repository/db/db.go:317.2,318.16 2 1
github.com/JMURv/sso/internal/repository/db/db.go:318.16,320.3 1 0
github.com/JMURv/sso/internal/repository/db/db.go:321.2,321.14 1 1
github.com/JMURv/sso/internal/repository/db/db.go:321.14,323.3 1 1
github.com/JMURv/sso/internal/repository/db/db.go:324.2,324.12 1 1
