mode: set
github.com/JMURv/sso/internal/handler/http/auth_hdl.go:19.57,24.69 3 1
github.com/JMURv/sso/internal/handler/http/auth_hdl.go:24.69,25.20 1 0
github.com/JMURv/sso/internal/handler/http/auth_hdl.go:26.25,27.36 1 0
github.com/JMURv/sso/internal/handler/http/auth_hdl.go:28.24,29.37 1 0
github.com/JMURv/sso/internal/handler/http/auth_hdl.go:30.12,31.83 1 0
github.com/JMURv/sso/internal/handler/http/auth_hdl.go:36.2,37.63 1 1
github.com/JMURv/sso/internal/handler/http/auth_hdl.go:37.63,38.20 1 0
github.com/JMURv/sso/internal/handler/http/auth_hdl.go:39.24,40.43 1 0
github.com/JMURv/sso/internal/handler/http/auth_hdl.go:41.24,42.49 1 0
github.com/JMURv/sso/internal/handler/http/auth_hdl.go:43.12,44.83 1 0
github.com/JMURv/sso/internal/handler/http/auth_hdl.go:49.2,53.90 5 1
github.com/JMURv/sso/internal/handler/http/auth_hdl.go:60.73,64.15 3 1
github.com/JMURv/sso/internal/handler/http/auth_hdl.go:64.15,66.3 1 1
github.com/JMURv/sso/internal/handler/http/auth_hdl.go:68.2,68.15 1 1
github.com/JMURv/sso/internal/handler/http/auth_hdl.go:68.15,69.35 1 1
github.com/JMURv/sso/internal/handler/http/auth_hdl.go:69.35,73.4 3 1
github.com/JMURv/sso/internal/handler/http/auth_hdl.go:76.2,76.33 1 1
github.com/JMURv/sso/internal/handler/http/auth_hdl.go:76.33,80.3 3 1
github.com/JMURv/sso/internal/handler/http/auth_hdl.go:82.2,83.60 2 1
github.com/JMURv/sso/internal/handler/http/auth_hdl.go:83.60,87.3 3 1
github.com/JMURv/sso/internal/handler/http/auth_hdl.go:89.2,89.21 1 1
github.com/JMURv/sso/internal/handler/http/auth_hdl.go:89.21,93.3 3 1
github.com/JMURv/sso/internal/handler/http/auth_hdl.go:95.2,95.75 1 1
github.com/JMURv/sso/internal/handler/http/auth_hdl.go:99.74,103.15 3 1
github.com/JMURv/sso/internal/handler/http/auth_hdl.go:103.15,105.3 1 1
github.com/JMURv/sso/internal/handler/http/auth_hdl.go:107.2,107.15 1 1
github.com/JMURv/sso/internal/handler/http/auth_hdl.go:107.15,108.35 1 1
github.com/JMURv/sso/internal/handler/http/auth_hdl.go:108.35,112.4 3 1
github.com/JMURv/sso/internal/handler/http/auth_hdl.go:115.2,115.33 1 1
github.com/JMURv/sso/internal/handler/http/auth_hdl.go:115.33,119.3 3 1
github.com/JMURv/sso/internal/handler/http/auth_hdl.go:121.2,122.60 2 1
github.com/JMURv/sso/internal/handler/http/auth_hdl.go:122.60,126.3 3 1
github.com/JMURv/sso/internal/handler/http/auth_hdl.go:128.2,128.21 1 1
github.com/JMURv/sso/internal/handler/http/auth_hdl.go:128.21,132.3 3 1
github.com/JMURv/sso/internal/handler/http/auth_hdl.go:134.2,135.58 2 1
github.com/JMURv/sso/internal/handler/http/auth_hdl.go:135.58,139.3 3 1
github.com/JMURv/sso/internal/handler/http/auth_hdl.go:139.8,139.23 1 1
github.com/JMURv/sso/internal/handler/http/auth_hdl.go:139.23,143.3 3 1
github.com/JMURv/sso/internal/handler/http/auth_hdl.go:145.2,145.34 1 1
github.com/JMURv/sso/internal/handler/http/auth_hdl.go:153.76,157.15 3 1
github.com/JMURv/sso/internal/handler/http/auth_hdl.go:157.15,159.3 1 1
github.com/JMURv/sso/internal/handler/http/auth_hdl.go:161.2,161.15 1 1
github.com/JMURv/sso/internal/handler/http/auth_hdl.go:161.15,162.35 1 1
github.com/JMURv/sso/internal/handler/http/auth_hdl.go:162.35,166.4 3 1
github.com/JMURv/sso/internal/handler/http/auth_hdl.go:169.2,169.33 1 1
github.com/JMURv/sso/internal/handler/http/auth_hdl.go:169.33,173.3 3 1
github.com/JMURv/sso/internal/handler/http/auth_hdl.go:175.2,176.16 2 1
github.com/JMURv/sso/internal/handler/http/auth_hdl.go:176.16,184.3 4 1
github.com/JMURv/sso/internal/handler/http/auth_hdl.go:186.2,187.59 2 1
github.com/JMURv/sso/internal/handler/http/auth_hdl.go:187.59,195.3 4 1
github.com/JMURv/sso/internal/handler/http/auth_hdl.go:197.2,198.58 2 1
github.com/JMURv/sso/internal/handler/http/auth_hdl.go:198.58,202.3 3 1
github.com/JMURv/sso/internal/handler/http/auth_hdl.go:202.8,202.23 1 1
github.com/JMURv/sso/internal/handler/http/auth_hdl.go:202.23,206.3 3 1
github.com/JMURv/sso/internal/handler/http/auth_hdl.go:208.2,208.35 1 1
github.com/JMURv/sso/internal/handler/http/auth_hdl.go:217.84,221.15 3 1
github.com/JMURv/sso/internal/handler/http/auth_hdl.go:221.15,223.3 1 1
github.com/JMURv/sso/internal/handler/http/auth_hdl.go:225.2,225.15 1 1
github.com/JMURv/sso/internal/handler/http/auth_hdl.go:225.15,226.35 1 1
github.com/JMURv/sso/internal/handler/http/auth_hdl.go:226.35,230.4 3 1
github.com/JMURv/sso/internal/handler/http/auth_hdl.go:233.2,233.32 1 1
github.com/JMURv/sso/internal/handler/http/auth_hdl.go:233.32,237.3 3 1
github.com/JMURv/sso/internal/handler/http/auth_hdl.go:239.2,240.60 2 1
github.com/JMURv/sso/internal/handler/http/auth_hdl.go:240.60,248.3 4 1
github.com/JMURv/sso/internal/handler/http/auth_hdl.go:250.2,251.58 2 1
github.com/JMURv/sso/internal/handler/http/auth_hdl.go:251.58,255.3 3 1
github.com/JMURv/sso/internal/handler/http/auth_hdl.go:255.8,255.23 1 1
github.com/JMURv/sso/internal/handler/http/auth_hdl.go:255.23,259.3 3 1
github.com/JMURv/sso/internal/handler/http/auth_hdl.go:261.2,261.35 1 1
github.com/JMURv/sso/internal/handler/http/auth_hdl.go:264.83,268.15 3 1
github.com/JMURv/sso/internal/handler/http/auth_hdl.go:268.15,270.3 1 1
github.com/JMURv/sso/internal/handler/http/auth_hdl.go:272.2,272.15 1 1
github.com/JMURv/sso/internal/handler/http/auth_hdl.go:272.15,273.35 1 1
github.com/JMURv/sso/internal/handler/http/auth_hdl.go:273.35,277.4 3 1
github.com/JMURv/sso/internal/handler/http/auth_hdl.go:280.2,280.33 1 1
github.com/JMURv/sso/internal/handler/http/auth_hdl.go:280.33,284.3 3 1
github.com/JMURv/sso/internal/handler/http/auth_hdl.go:286.2,287.60 2 1
github.com/JMURv/sso/internal/handler/http/auth_hdl.go:287.60,295.3 4 1
github.com/JMURv/sso/internal/handler/http/auth_hdl.go:297.2,298.58 2 1
github.com/JMURv/sso/internal/handler/http/auth_hdl.go:298.58,302.3 3 1
github.com/JMURv/sso/internal/handler/http/auth_hdl.go:302.8,302.23 1 1
github.com/JMURv/sso/internal/handler/http/auth_hdl.go:302.23,306.3 3 1
github.com/JMURv/sso/internal/handler/http/auth_hdl.go:308.2,308.35 1 1
github.com/JMURv/sso/internal/handler/http/auth_hdl.go:311.68,315.15 3 1
github.com/JMURv/sso/internal/handler/http/auth_hdl.go:315.15,317.3 1 1
github.com/JMURv/sso/internal/handler/http/auth_hdl.go:319.2,319.15 1 1
github.com/JMURv/sso/internal/handler/http/auth_hdl.go:319.15,320.35 1 1
github.com/JMURv/sso/internal/handler/http/auth_hdl.go:320.35,324.4 3 1
github.com/JMURv/sso/internal/handler/http/auth_hdl.go:327.2,327.32 1 1
github.com/JMURv/sso/internal/handler/http/auth_hdl.go:327.32,331.3 3 1
github.com/JMURv/sso/internal/handler/http/auth_hdl.go:333.2,334.9 2 1
github.com/JMURv/sso/internal/handler/http/auth_hdl.go:334.9,342.3 4 1
github.com/JMURv/sso/internal/handler/http/auth_hdl.go:344.2,345.16 2 1
github.com/JMURv/sso/internal/handler/http/auth_hdl.go:345.16,353.3 4 1
github.com/JMURv/sso/internal/handler/http/auth_hdl.go:355.2,356.59 2 1
github.com/JMURv/sso/internal/handler/http/auth_hdl.go:356.59,364.3 4 1
github.com/JMURv/sso/internal/handler/http/auth_hdl.go:366.2,366.54 1 1
github.com/JMURv/sso/internal/handler/http/auth_hdl.go:366.54,371.3 4 1
github.com/JMURv/sso/internal/handler/http/auth_hdl.go:373.2,374.58 2 1
github.com/JMURv/sso/internal/handler/http/auth_hdl.go:374.58,378.3 3 1
github.com/JMURv/sso/internal/handler/http/auth_hdl.go:378.8,378.23 1 1
github.com/JMURv/sso/internal/handler/http/auth_hdl.go:378.23,382.3 3 1
github.com/JMURv/sso/internal/handler/http/auth_hdl.go:384.2,384.35 1 1
github.com/JMURv/sso/internal/handler/http/auth_hdl.go:387.70,391.15 3 1
github.com/JMURv/sso/internal/handler/http/auth_hdl.go:391.15,393.3 1 1
github.com/JMURv/sso/internal/handler/http/auth_hdl.go:395.2,395.15 1 1
github.com/JMURv/sso/internal/handler/http/auth_hdl.go:395.15,396.35 1 1
github.com/JMURv/sso/internal/handler/http/auth_hdl.go:396.35,400.4 3 1
github.com/JMURv/sso/internal/handler/http/auth_hdl.go:403.2,403.33 1 1
github.com/JMURv/sso/internal/handler/http/auth_hdl.go:403.33,407.3 3 1
github.com/JMURv/sso/internal/handler/http/auth_hdl.go:409.2,410.58 2 1
github.com/JMURv/sso/internal/handler/http/auth_hdl.go:410.58,418.3 4 1
github.com/JMURv/sso/internal/handler/http/auth_hdl.go:420.2,420.19 1 1
github.com/JMURv/sso/internal/handler/http/auth_hdl.go:420.19,424.3 3 1
github.com/JMURv/sso/internal/handler/http/auth_hdl.go:426.2,427.58 2 1
github.com/JMURv/sso/internal/handler/http/auth_hdl.go:427.58,431.3 3 1
github.com/JMURv/sso/internal/handler/http/auth_hdl.go:431.8,431.23 1 1
github.com/JMURv/sso/internal/handler/http/auth_hdl.go:431.23,435.3 3 1
github.com/JMURv/sso/internal/handler/http/auth_hdl.go:437.2,443.3 1 1
github.com/JMURv/sso/internal/handler/http/auth_hdl.go:451.73,455.15 3 1
github.com/JMURv/sso/internal/handler/http/auth_hdl.go:455.15,457.3 1 1
github.com/JMURv/sso/internal/handler/http/auth_hdl.go:459.2,459.15 1 1
github.com/JMURv/sso/internal/handler/http/auth_hdl.go:459.15,460.35 1 1
github.com/JMURv/sso/internal/handler/http/auth_hdl.go:460.35,464.4 3 1
github.com/JMURv/sso/internal/handler/http/auth_hdl.go:467.2,467.33 1 1
github.com/JMURv/sso/internal/handler/http/auth_hdl.go:467.33,471.3 3 1
github.com/JMURv/sso/internal/handler/http/auth_hdl.go:473.2,475.16 3 1
github.com/JMURv/sso/internal/handler/http/auth_hdl.go:475.16,483.3 4 1
github.com/JMURv/sso/internal/handler/http/auth_hdl.go:485.2,486.56 2 1
github.com/JMURv/sso/internal/handler/http/auth_hdl.go:486.56,490.3 3 1
github.com/JMURv/sso/internal/handler/http/auth_hdl.go:492.2,492.31 1 1
github.com/JMURv/sso/internal/handler/http/auth_hdl.go:492.31,496.3 3 1
github.com/JMURv/sso/internal/handler/http/auth_hdl.go:498.2,499.68 2 1
github.com/JMURv/sso/internal/handler/http/auth_hdl.go:499.68,503.3 3 1
github.com/JMURv/sso/internal/handler/http/auth_hdl.go:503.8,503.23 1 1
github.com/JMURv/sso/internal/handler/http/auth_hdl.go:503.23,507.3 3 1
github.com/JMURv/sso/internal/handler/http/auth_hdl.go:509.2,509.61 1 1
github.com/JMURv/sso/internal/handler/http/auth_hdl.go:517.74,521.15 3 1
github.com/JMURv/sso/internal/handler/http/auth_hdl.go:521.15,523.3 1 1
github.com/JMURv/sso/internal/handler/http/auth_hdl.go:525.2,525.15 1 1
github.com/JMURv/sso/internal/handler/http/auth_hdl.go:525.15,526.35 1 1
github.com/JMURv/sso/internal/handler/http/auth_hdl.go:526.35,530.4 3 1
github.com/JMURv/sso/internal/handler/http/auth_hdl.go:533.2,533.33 1 1
github.com/JMURv/sso/internal/handler/http/auth_hdl.go:533.33,537.3 3 1
github.com/JMURv/sso/internal/handler/http/auth_hdl.go:539.2,540.61 2 1
github.com/JMURv/sso/internal/handler/http/auth_hdl.go:540.61,548.3 4 1
github.com/JMURv/sso/internal/handler/http/auth_hdl.go:550.2,551.30 2 1
github.com/JMURv/sso/internal/handler/http/auth_hdl.go:551.30,555.3 3 1
github.com/JMURv/sso/internal/handler/http/auth_hdl.go:557.2,557.56 1 1
github.com/JMURv/sso/internal/handler/http/auth_hdl.go:557.56,561.3 3 1
github.com/JMURv/sso/internal/handler/http/auth_hdl.go:563.2,564.58 2 1
github.com/JMURv/sso/internal/handler/http/auth_hdl.go:564.58,568.3 3 1
github.com/JMURv/sso/internal/handler/http/auth_hdl.go:568.8,568.23 1 1
github.com/JMURv/sso/internal/handler/http/auth_hdl.go:568.23,572.3 3 1
github.com/JMURv/sso/internal/handler/http/auth_hdl.go:574.2,598.35 3 1
github.com/JMURv/sso/internal/handler/http/auth_hdl.go:601.62,605.15 3 1
github.com/JMURv/sso/internal/handler/http/auth_hdl.go:605.15,607.3 1 1
github.com/JMURv/sso/internal/handler/http/auth_hdl.go:609.2,609.15 1 1
github.com/JMURv/sso/internal/handler/http/auth_hdl.go:609.15,610.35 1 1
github.com/JMURv/sso/internal/handler/http/auth_hdl.go:610.35,614.4 3 1
github.com/JMURv/sso/internal/handler/http/auth_hdl.go:617.2,617.32 1 1
github.com/JMURv/sso/internal/handler/http/auth_hdl.go:617.32,621.3 3 1
github.com/JMURv/sso/internal/handler/http/auth_hdl.go:623.2,624.9 2 1
github.com/JMURv/sso/internal/handler/http/auth_hdl.go:624.9,628.3 3 1
github.com/JMURv/sso/internal/handler/http/auth_hdl.go:630.2,631.16 2 1
github.com/JMURv/sso/internal/handler/http/auth_hdl.go:631.16,635.3 3 1
github.com/JMURv/sso/internal/handler/http/auth_hdl.go:637.2,638.58 2 1
github.com/JMURv/sso/internal/handler/http/auth_hdl.go:638.58,642.3 3 1
github.com/JMURv/sso/internal/handler/http/auth_hdl.go:642.8,642.23 1 1
github.com/JMURv/sso/internal/handler/http/auth_hdl.go:642.23,646.3 3 1
github.com/JMURv/sso/internal/handler/http/auth_hdl.go:648.2,648.32 1 1
github.com/JMURv/sso/internal/handler/http/auth_hdl.go:651.66,654.15 3 1
github.com/JMURv/sso/internal/handler/http/auth_hdl.go:654.15,656.3 1 1
github.com/JMURv/sso/internal/handler/http/auth_hdl.go:658.2,658.33 1 1
github.com/JMURv/sso/internal/handler/http/auth_hdl.go:658.33,662.3 3 1
github.com/JMURv/sso/internal/handler/http/auth_hdl.go:664.2,688.35 3 1
github.com/JMURv/sso/internal/handler/http/http.go:23.64,28.2 1 1
github.com/JMURv/sso/internal/handler/http/http.go:30.35,37.69 5 1
github.com/JMURv/sso/internal/handler/http/http.go:37.69,39.4 1 1
github.com/JMURv/sso/internal/handler/http/http.go:42.2,51.47 3 1
github.com/JMURv/sso/internal/handler/http/http.go:51.47,53.3 1 1
github.com/JMURv/sso/internal/handler/http/http.go:56.33,57.61 1 1
github.com/JMURv/sso/internal/handler/http/http.go:57.61,59.3 1 0
github.com/JMURv/sso/internal/handler/http/http.go:60.2,60.12 1 1
github.com/JMURv/sso/internal/handler/http/http.go:63.105,64.54 1 1
github.com/JMURv/sso/internal/handler/http/http.go:64.54,66.32 2 1
github.com/JMURv/sso/internal/handler/http/http.go:66.32,68.4 1 1
github.com/JMURv/sso/internal/handler/http/http.go:69.3,69.26 1 1
github.com/JMURv/sso/internal/handler/http/http.go:73.66,75.48 1 1
github.com/JMURv/sso/internal/handler/http/http.go:75.48,77.24 2 1
github.com/JMURv/sso/internal/handler/http/http.go:77.24,80.5 2 1
github.com/JMURv/sso/internal/handler/http/http.go:82.4,83.30 2 1
github.com/JMURv/sso/internal/handler/http/http.go:83.30,86.5 2 1
github.com/JMURv/sso/internal/handler/http/http.go:88.4,89.18 2 1
github.com/JMURv/sso/internal/handler/http/http.go:89.18,92.5 2 1
github.com/JMURv/sso/internal/handler/http/http.go:94.4,95.41 2 1
github.com/JMURv/sso/internal/handler/http/http.go:100.69,102.48 1 1
github.com/JMURv/sso/internal/handler/http/http.go:102.48,110.4 4 1
github.com/JMURv/sso/internal/handler/http/perm_hdl.go:20.57,22.61 1 1
github.com/JMURv/sso/internal/handler/http/perm_hdl.go:22.61,23.20 1 0
github.com/JMURv/sso/internal/handler/http/perm_hdl.go:24.24,25.22 1 0
github.com/JMURv/sso/internal/handler/http/perm_hdl.go:26.25,27.23 1 0
github.com/JMURv/sso/internal/handler/http/perm_hdl.go:28.12,29.83 1 0
github.com/JMURv/sso/internal/handler/http/perm_hdl.go:34.2,35.62 1 1
github.com/JMURv/sso/internal/handler/http/perm_hdl.go:35.62,36.20 1 0
github.com/JMURv/sso/internal/handler/http/perm_hdl.go:37.24,38.20 1 0
github.com/JMURv/sso/internal/handler/http/perm_hdl.go:39.24,40.51 1 0
github.com/JMURv/sso/internal/handler/http/perm_hdl.go:41.27,42.51 1 0
github.com/JMURv/sso/internal/handler/http/perm_hdl.go:43.12,44.83 1 0
github.com/JMURv/sso/internal/handler/http/perm_hdl.go:50.69,53.15 3 1
github.com/JMURv/sso/internal/handler/http/perm_hdl.go:53.15,55.3 1 1
github.com/JMURv/sso/internal/handler/http/perm_hdl.go:57.2,58.28 2 1
github.com/JMURv/sso/internal/handler/http/perm_hdl.go:58.28,60.3 1 1
github.com/JMURv/sso/internal/handler/http/perm_hdl.go:62.2,63.28 2 1
github.com/JMURv/sso/internal/handler/http/perm_hdl.go:63.28,65.3 1 1
github.com/JMURv/sso/internal/handler/http/perm_hdl.go:67.2,68.16 2 1
github.com/JMURv/sso/internal/handler/http/perm_hdl.go:68.16,72.3 3 1
github.com/JMURv/sso/internal/handler/http/perm_hdl.go:74.2,74.43 1 1
github.com/JMURv/sso/internal/handler/http/perm_hdl.go:77.70,80.15 3 1
github.com/JMURv/sso/internal/handler/http/perm_hdl.go:80.15,82.3 1 1
github.com/JMURv/sso/internal/handler/http/perm_hdl.go:84.2,85.60 2 1
github.com/JMURv/sso/internal/handler/http/perm_hdl.go:85.60,93.3 4 1
github.com/JMURv/sso/internal/handler/http/perm_hdl.go:95.2,95.55 1 1
github.com/JMURv/sso/internal/handler/http/perm_hdl.go:95.55,100.3 4 1
github.com/JMURv/sso/internal/handler/http/perm_hdl.go:102.2,103.63 2 1
github.com/JMURv/sso/internal/handler/http/perm_hdl.go:103.63,107.3 3 1
github.com/JMURv/sso/internal/handler/http/perm_hdl.go:107.8,107.23 1 1
github.com/JMURv/sso/internal/handler/http/perm_hdl.go:107.23,111.3 3 1
github.com/JMURv/sso/internal/handler/http/perm_hdl.go:113.2,113.34 1 1
github.com/JMURv/sso/internal/handler/http/perm_hdl.go:116.67,119.15 3 1
github.com/JMURv/sso/internal/handler/http/perm_hdl.go:119.15,121.3 1 1
github.com/JMURv/sso/internal/handler/http/perm_hdl.go:123.2,124.16 2 1
github.com/JMURv/sso/internal/handler/http/perm_hdl.go:124.16,132.3 4 1
github.com/JMURv/sso/internal/handler/http/perm_hdl.go:134.2,135.58 2 1
github.com/JMURv/sso/internal/handler/http/perm_hdl.go:135.58,139.3 3 1
github.com/JMURv/sso/internal/handler/http/perm_hdl.go:139.8,139.23 1 1
github.com/JMURv/sso/internal/handler/http/perm_hdl.go:139.23,143.3 3 1
github.com/JMURv/sso/internal/handler/http/perm_hdl.go:145.2,145.34 1 1
github.com/JMURv/sso/internal/handler/http/perm_hdl.go:148.70,151.15 3 1
github.com/JMURv/sso/internal/handler/http/perm_hdl.go:151.15,153.3 1 1
github.com/JMURv/sso/internal/handler/http/perm_hdl.go:155.2,156.16 2 1
github.com/JMURv/sso/internal/handler/http/perm_hdl.go:156.16,164.3 4 1
github.com/JMURv/sso/internal/handler/http/perm_hdl.go:166.2,167.60 2 1
github.com/JMURv/sso/internal/handler/http/perm_hdl.go:167.60,175.3 4 1
github.com/JMURv/sso/internal/handler/http/perm_hdl.go:177.2,177.55 1 1
github.com/JMURv/sso/internal/handler/http/perm_hdl.go:177.55,185.3 4 1
github.com/JMURv/sso/internal/handler/http/perm_hdl.go:187.2,188.58 2 1
github.com/JMURv/sso/internal/handler/http/perm_hdl.go:188.58,192.3 3 1
github.com/JMURv/sso/internal/handler/http/perm_hdl.go:192.8,192.23 1 1
github.com/JMURv/sso/internal/handler/http/perm_hdl.go:192.23,196.3 3 1
github.com/JMURv/sso/internal/handler/http/perm_hdl.go:198.2,198.35 1 1
github.com/JMURv/sso/internal/handler/http/perm_hdl.go:201.70,204.15 3 1
github.com/JMURv/sso/internal/handler/http/perm_hdl.go:204.15,206.3 1 1
github.com/JMURv/sso/internal/handler/http/perm_hdl.go:208.2,209.16 2 1
github.com/JMURv/sso/internal/handler/http/perm_hdl.go:209.16,217.3 4 1
github.com/JMURv/sso/internal/handler/http/perm_hdl.go:219.2,220.58 2 1
github.com/JMURv/sso/internal/handler/http/perm_hdl.go:220.58,224.3 3 1
github.com/JMURv/sso/internal/handler/http/perm_hdl.go:224.8,224.23 1 1
github.com/JMURv/sso/internal/handler/http/perm_hdl.go:224.23,228.3 3 1
github.com/JMURv/sso/internal/handler/http/perm_hdl.go:230.2,230.35 1 1
github.com/JMURv/sso/internal/handler/http/usr_hdl.go:23.57,27.62 2 1
github.com/JMURv/sso/internal/handler/http/usr_hdl.go:27.62,28.20 1 0
github.com/JMURv/sso/internal/handler/http/usr_hdl.go:29.24,30.22 1 0
github.com/JMURv/sso/internal/handler/http/usr_hdl.go:31.25,32.23 1 0
github.com/JMURv/sso/internal/handler/http/usr_hdl.go:33.12,34.83 1 0
github.com/JMURv/sso/internal/handler/http/usr_hdl.go:39.2,40.63 1 1
github.com/JMURv/sso/internal/handler/http/usr_hdl.go:40.63,41.20 1 0
github.com/JMURv/sso/internal/handler/http/usr_hdl.go:42.24,43.20 1 0
github.com/JMURv/sso/internal/handler/http/usr_hdl.go:44.24,45.51 1 0
github.com/JMURv/sso/internal/handler/http/usr_hdl.go:46.27,47.51 1 0
github.com/JMURv/sso/internal/handler/http/usr_hdl.go:48.12,49.83 1 0
github.com/JMURv/sso/internal/handler/http/usr_hdl.go:55.70,58.15 3 1
github.com/JMURv/sso/internal/handler/http/usr_hdl.go:58.15,60.3 1 1
github.com/JMURv/sso/internal/handler/http/usr_hdl.go:62.2,62.55 1 1
github.com/JMURv/sso/internal/handler/http/usr_hdl.go:62.55,67.3 4 1
github.com/JMURv/sso/internal/handler/http/usr_hdl.go:69.2,75.56 2 1
github.com/JMURv/sso/internal/handler/http/usr_hdl.go:75.56,80.3 4 1
github.com/JMURv/sso/internal/handler/http/usr_hdl.go:82.2,85.46 4 1
github.com/JMURv/sso/internal/handler/http/usr_hdl.go:85.46,90.3 4 0
github.com/JMURv/sso/internal/handler/http/usr_hdl.go:92.2,92.17 1 1
github.com/JMURv/sso/internal/handler/http/usr_hdl.go:92.17,95.17 3 1
github.com/JMURv/sso/internal/handler/http/usr_hdl.go:95.17,100.4 4 0
github.com/JMURv/sso/internal/handler/http/usr_hdl.go:101.3,101.30 1 1
github.com/JMURv/sso/internal/handler/http/usr_hdl.go:104.2,105.63 2 1
github.com/JMURv/sso/internal/handler/http/usr_hdl.go:105.63,109.3 3 1
github.com/JMURv/sso/internal/handler/http/usr_hdl.go:109.8,109.23 1 1
github.com/JMURv/sso/internal/handler/http/usr_hdl.go:109.23,113.3 3 1
github.com/JMURv/sso/internal/handler/http/usr_hdl.go:115.2,139.34 3 1
github.com/JMURv/sso/internal/handler/http/usr_hdl.go:142.70,145.15 3 1
github.com/JMURv/sso/internal/handler/http/usr_hdl.go:145.15,147.3 1 1
github.com/JMURv/sso/internal/handler/http/usr_hdl.go:149.2,149.32 1 1
github.com/JMURv/sso/internal/handler/http/usr_hdl.go:149.32,153.3 3 1
github.com/JMURv/sso/internal/handler/http/usr_hdl.go:155.2,156.20 2 1
github.com/JMURv/sso/internal/handler/http/usr_hdl.go:156.20,159.3 2 1
github.com/JMURv/sso/internal/handler/http/usr_hdl.go:161.2,162.28 2 1
github.com/JMURv/sso/internal/handler/http/usr_hdl.go:162.28,164.3 1 1
github.com/JMURv/sso/internal/handler/http/usr_hdl.go:166.2,167.28 2 1
github.com/JMURv/sso/internal/handler/http/usr_hdl.go:167.28,169.3 1 1
github.com/JMURv/sso/internal/handler/http/usr_hdl.go:171.2,172.16 2 1
github.com/JMURv/sso/internal/handler/http/usr_hdl.go:172.16,176.3 3 1
github.com/JMURv/sso/internal/handler/http/usr_hdl.go:178.2,178.43 1 1
github.com/JMURv/sso/internal/handler/http/usr_hdl.go:181.69,184.15 3 1
github.com/JMURv/sso/internal/handler/http/usr_hdl.go:184.15,186.3 1 1
github.com/JMURv/sso/internal/handler/http/usr_hdl.go:188.2,189.28 2 1
github.com/JMURv/sso/internal/handler/http/usr_hdl.go:189.28,191.3 1 1
github.com/JMURv/sso/internal/handler/http/usr_hdl.go:193.2,194.28 2 1
github.com/JMURv/sso/internal/handler/http/usr_hdl.go:194.28,196.3 1 1
github.com/JMURv/sso/internal/handler/http/usr_hdl.go:198.2,199.16 2 1
github.com/JMURv/sso/internal/handler/http/usr_hdl.go:199.16,203.3 3 1
github.com/JMURv/sso/internal/handler/http/usr_hdl.go:205.2,205.43 1 1
github.com/JMURv/sso/internal/handler/http/usr_hdl.go:208.67,211.15 3 1
github.com/JMURv/sso/internal/handler/http/usr_hdl.go:211.15,213.3 1 1
github.com/JMURv/sso/internal/handler/http/usr_hdl.go:215.2,216.35 2 1
github.com/JMURv/sso/internal/handler/http/usr_hdl.go:216.35,224.3 4 1
github.com/JMURv/sso/internal/handler/http/usr_hdl.go:226.2,227.58 2 1
github.com/JMURv/sso/internal/handler/http/usr_hdl.go:227.58,231.3 3 1
github.com/JMURv/sso/internal/handler/http/usr_hdl.go:231.8,231.23 1 1
github.com/JMURv/sso/internal/handler/http/usr_hdl.go:231.23,235.3 3 1
github.com/JMURv/sso/internal/handler/http/usr_hdl.go:237.2,237.34 1 1
github.com/JMURv/sso/internal/handler/http/usr_hdl.go:240.70,243.15 3 1
github.com/JMURv/sso/internal/handler/http/usr_hdl.go:243.15,245.3 1 1
github.com/JMURv/sso/internal/handler/http/usr_hdl.go:247.2,248.35 2 1
github.com/JMURv/sso/internal/handler/http/usr_hdl.go:248.35,256.3 4 1
github.com/JMURv/sso/internal/handler/http/usr_hdl.go:258.2,259.60 2 1
github.com/JMURv/sso/internal/handler/http/usr_hdl.go:259.60,267.3 4 1
github.com/JMURv/sso/internal/handler/http/usr_hdl.go:269.2,269.54 1 1
github.com/JMURv/sso/internal/handler/http/usr_hdl.go:269.54,277.3 4 1
github.com/JMURv/sso/internal/handler/http/usr_hdl.go:279.2,280.58 2 1
github.com/JMURv/sso/internal/handler/http/usr_hdl.go:280.58,284.3 3 1
github.com/JMURv/sso/internal/handler/http/usr_hdl.go:284.8,284.23 1 1
github.com/JMURv/sso/internal/handler/http/usr_hdl.go:284.23,288.3 3 1
github.com/JMURv/sso/internal/handler/http/usr_hdl.go:290.2,290.35 1 1
github.com/JMURv/sso/internal/handler/http/usr_hdl.go:293.70,296.15 3 1
github.com/JMURv/sso/internal/handler/http/usr_hdl.go:296.15,298.3 1 1
github.com/JMURv/sso/internal/handler/http/usr_hdl.go:300.2,301.16 2 1
github.com/JMURv/sso/internal/handler/http/usr_hdl.go:301.16,309.3 4 1
github.com/JMURv/sso/internal/handler/http/usr_hdl.go:311.2,312.58 2 1
github.com/JMURv/sso/internal/handler/http/usr_hdl.go:312.58,316.3 3 1
github.com/JMURv/sso/internal/handler/http/usr_hdl.go:316.8,316.23 1 1
github.com/JMURv/sso/internal/handler/http/usr_hdl.go:316.23,320.3 3 1
github.com/JMURv/sso/internal/handler/http/usr_hdl.go:322.2,322.35 1 1
