mode: set
github.com/JMURv/sso/internal/handler/grpc/auth_hdl.go:20.99,26.15 5 1
github.com/JMURv/sso/internal/handler/grpc/auth_hdl.go:26.15,29.3 2 1
github.com/JMURv/sso/internal/handler/grpc/auth_hdl.go:31.2,31.57 1 1
github.com/JMURv/sso/internal/handler/grpc/auth_hdl.go:31.57,34.3 2 1
github.com/JMURv/sso/internal/handler/grpc/auth_hdl.go:36.2,36.60 1 1
github.com/JMURv/sso/internal/handler/grpc/auth_hdl.go:36.60,39.3 2 1
github.com/JMURv/sso/internal/handler/grpc/auth_hdl.go:41.2,42.62 2 1
github.com/JMURv/sso/internal/handler/grpc/auth_hdl.go:42.62,46.3 3 1
github.com/JMURv/sso/internal/handler/grpc/auth_hdl.go:46.8,46.23 1 1
github.com/JMURv/sso/internal/handler/grpc/auth_hdl.go:46.23,51.3 4 1
github.com/JMURv/sso/internal/handler/grpc/auth_hdl.go:52.2,52.25 1 1
github.com/JMURv/sso/internal/handler/grpc/auth_hdl.go:55.113,61.15 5 1
github.com/JMURv/sso/internal/handler/grpc/auth_hdl.go:61.15,64.3 2 1
github.com/JMURv/sso/internal/handler/grpc/auth_hdl.go:66.2,67.30 2 1
github.com/JMURv/sso/internal/handler/grpc/auth_hdl.go:67.30,71.3 3 1
github.com/JMURv/sso/internal/handler/grpc/auth_hdl.go:73.2,73.56 1 1
github.com/JMURv/sso/internal/handler/grpc/auth_hdl.go:73.56,77.3 3 1
github.com/JMURv/sso/internal/handler/grpc/auth_hdl.go:79.2,80.52 2 1
github.com/JMURv/sso/internal/handler/grpc/auth_hdl.go:80.52,84.3 3 1
github.com/JMURv/sso/internal/handler/grpc/auth_hdl.go:84.8,84.23 1 1
github.com/JMURv/sso/internal/handler/grpc/auth_hdl.go:84.23,88.3 3 1
github.com/JMURv/sso/internal/handler/grpc/auth_hdl.go:90.2,93.8 1 1
github.com/JMURv/sso/internal/handler/grpc/auth_hdl.go:96.96,102.15 5 1
github.com/JMURv/sso/internal/handler/grpc/auth_hdl.go:102.15,105.3 2 1
github.com/JMURv/sso/internal/handler/grpc/auth_hdl.go:107.2,107.35 1 1
github.com/JMURv/sso/internal/handler/grpc/auth_hdl.go:107.35,111.3 3 1
github.com/JMURv/sso/internal/handler/grpc/auth_hdl.go:113.2,114.52 2 1
github.com/JMURv/sso/internal/handler/grpc/auth_hdl.go:114.52,118.3 3 1
github.com/JMURv/sso/internal/handler/grpc/auth_hdl.go:118.8,118.23 1 1
github.com/JMURv/sso/internal/handler/grpc/auth_hdl.go:118.23,122.3 3 1
github.com/JMURv/sso/internal/handler/grpc/auth_hdl.go:124.2,126.8 1 1
github.com/JMURv/sso/internal/handler/grpc/auth_hdl.go:129.79,135.15 5 1
github.com/JMURv/sso/internal/handler/grpc/auth_hdl.go:135.15,138.3 2 1
github.com/JMURv/sso/internal/handler/grpc/auth_hdl.go:140.2,141.9 2 1
github.com/JMURv/sso/internal/handler/grpc/auth_hdl.go:141.9,145.3 3 1
github.com/JMURv/sso/internal/handler/grpc/auth_hdl.go:147.2,148.35 2 1
github.com/JMURv/sso/internal/handler/grpc/auth_hdl.go:148.35,152.3 3 1
github.com/JMURv/sso/internal/handler/grpc/auth_hdl.go:154.2,154.25 1 1
github.com/JMURv/sso/internal/handler/grpc/auth_hdl.go:157.101,162.15 5 1
github.com/JMURv/sso/internal/handler/grpc/auth_hdl.go:162.15,165.3 2 1
github.com/JMURv/sso/internal/handler/grpc/auth_hdl.go:167.2,167.35 1 1
github.com/JMURv/sso/internal/handler/grpc/auth_hdl.go:167.35,171.3 3 1
github.com/JMURv/sso/internal/handler/grpc/auth_hdl.go:173.2,174.62 2 1
github.com/JMURv/sso/internal/handler/grpc/auth_hdl.go:174.62,178.3 3 1
github.com/JMURv/sso/internal/handler/grpc/auth_hdl.go:178.8,178.23 1 1
github.com/JMURv/sso/internal/handler/grpc/auth_hdl.go:178.23,182.3 3 1
github.com/JMURv/sso/internal/handler/grpc/auth_hdl.go:184.2,184.25 1 1
github.com/JMURv/sso/internal/handler/grpc/auth_hdl.go:187.121,192.15 5 1
github.com/JMURv/sso/internal/handler/grpc/auth_hdl.go:192.15,195.3 2 1
github.com/JMURv/sso/internal/handler/grpc/auth_hdl.go:197.2,198.44 2 1
github.com/JMURv/sso/internal/handler/grpc/auth_hdl.go:198.44,202.3 3 1
github.com/JMURv/sso/internal/handler/grpc/auth_hdl.go:204.2,205.16 2 1
github.com/JMURv/sso/internal/handler/grpc/auth_hdl.go:205.16,208.3 2 1
github.com/JMURv/sso/internal/handler/grpc/auth_hdl.go:210.2,211.16 2 1
github.com/JMURv/sso/internal/handler/grpc/auth_hdl.go:211.16,214.3 2 1
github.com/JMURv/sso/internal/handler/grpc/auth_hdl.go:216.2,217.58 2 1
github.com/JMURv/sso/internal/handler/grpc/auth_hdl.go:217.58,221.3 3 1
github.com/JMURv/sso/internal/handler/grpc/auth_hdl.go:221.8,221.59 1 1
github.com/JMURv/sso/internal/handler/grpc/auth_hdl.go:221.59,225.3 3 1
github.com/JMURv/sso/internal/handler/grpc/auth_hdl.go:225.8,225.23 1 1
github.com/JMURv/sso/internal/handler/grpc/auth_hdl.go:225.23,229.3 3 1
github.com/JMURv/sso/internal/handler/grpc/auth_hdl.go:231.2,231.25 1 1
github.com/JMURv/sso/internal/handler/grpc/auth_hdl.go:234.105,240.15 5 1
github.com/JMURv/sso/internal/handler/grpc/auth_hdl.go:240.15,243.3 2 1
github.com/JMURv/sso/internal/handler/grpc/auth_hdl.go:245.2,246.9 2 1
github.com/JMURv/sso/internal/handler/grpc/auth_hdl.go:246.9,250.3 3 0
github.com/JMURv/sso/internal/handler/grpc/auth_hdl.go:252.2,253.35 2 1
github.com/JMURv/sso/internal/handler/grpc/auth_hdl.go:253.35,257.3 3 1
github.com/JMURv/sso/internal/handler/grpc/auth_hdl.go:259.2,259.53 1 1
github.com/JMURv/sso/internal/handler/grpc/auth_hdl.go:259.53,263.3 3 1
github.com/JMURv/sso/internal/handler/grpc/auth_hdl.go:265.2,266.52 2 1
github.com/JMURv/sso/internal/handler/grpc/auth_hdl.go:266.52,270.3 3 1
github.com/JMURv/sso/internal/handler/grpc/auth_hdl.go:270.8,270.23 1 1
github.com/JMURv/sso/internal/handler/grpc/auth_hdl.go:270.23,274.3 3 1
github.com/JMURv/sso/internal/handler/grpc/auth_hdl.go:276.2,276.25 1 1
github.com/JMURv/sso/internal/handler/grpc/auth_hdl.go:279.74,285.15 5 1
github.com/JMURv/sso/internal/handler/grpc/auth_hdl.go:285.15,288.3 2 1
github.com/JMURv/sso/internal/handler/grpc/auth_hdl.go:290.2,291.9 2 1
github.com/JMURv/sso/internal/handler/grpc/auth_hdl.go:291.9,295.3 3 1
github.com/JMURv/sso/internal/handler/grpc/auth_hdl.go:297.2,298.35 2 1
github.com/JMURv/sso/internal/handler/grpc/auth_hdl.go:298.35,302.3 3 1
github.com/JMURv/sso/internal/handler/grpc/auth_hdl.go:304.2,305.52 2 1
github.com/JMURv/sso/internal/handler/grpc/auth_hdl.go:305.52,309.3 3 1
github.com/JMURv/sso/internal/handler/grpc/auth_hdl.go:309.8,309.23 1 1
github.com/JMURv/sso/internal/handler/grpc/auth_hdl.go:309.23,313.3 3 1
github.com/JMURv/sso/internal/handler/grpc/auth_hdl.go:315.2,315.35 1 1
github.com/JMURv/sso/internal/handler/grpc/auth_hdl.go:318.81,324.15 5 1
github.com/JMURv/sso/internal/handler/grpc/auth_hdl.go:324.15,327.3 2 1
github.com/JMURv/sso/internal/handler/grpc/auth_hdl.go:329.2,330.9 2 1
github.com/JMURv/sso/internal/handler/grpc/auth_hdl.go:330.9,334.3 3 1
github.com/JMURv/sso/internal/handler/grpc/auth_hdl.go:336.2,337.35 2 1
github.com/JMURv/sso/internal/handler/grpc/auth_hdl.go:337.35,341.3 3 1
github.com/JMURv/sso/internal/handler/grpc/auth_hdl.go:343.2,343.16 1 1
github.com/JMURv/sso/internal/handler/grpc/auth_hdl.go:343.16,347.3 3 1
github.com/JMURv/sso/internal/handler/grpc/auth_hdl.go:349.2,350.55 2 1
github.com/JMURv/sso/internal/handler/grpc/auth_hdl.go:350.55,354.3 3 1
github.com/JMURv/sso/internal/handler/grpc/auth_hdl.go:356.2,357.52 2 1
github.com/JMURv/sso/internal/handler/grpc/auth_hdl.go:357.52,361.3 3 1
github.com/JMURv/sso/internal/handler/grpc/auth_hdl.go:361.8,361.23 1 1
github.com/JMURv/sso/internal/handler/grpc/auth_hdl.go:361.23,365.3 3 1
github.com/JMURv/sso/internal/handler/grpc/auth_hdl.go:367.2,367.35 1 1
github.com/JMURv/sso/internal/handler/grpc/grpc.go:44.46,60.2 3 1
github.com/JMURv/sso/internal/handler/grpc/grpc.go:62.35,67.16 4 0
github.com/JMURv/sso/internal/handler/grpc/grpc.go:67.16,69.3 1 0
github.com/JMURv/sso/internal/handler/grpc/grpc.go:71.2,71.29 1 0
github.com/JMURv/sso/internal/handler/grpc/grpc.go:74.33,77.2 2 0
github.com/JMURv/sso/internal/handler/grpc/grpc.go:79.71,80.112 1 1
github.com/JMURv/sso/internal/handler/grpc/grpc.go:80.112,82.10 2 0
github.com/JMURv/sso/internal/handler/grpc/grpc.go:82.10,85.4 2 0
github.com/JMURv/sso/internal/handler/grpc/grpc.go:87.3,88.28 2 0
github.com/JMURv/sso/internal/handler/grpc/grpc.go:88.28,91.4 2 0
github.com/JMURv/sso/internal/handler/grpc/grpc.go:93.3,94.53 2 0
github.com/JMURv/sso/internal/handler/grpc/grpc.go:94.53,96.4 1 0
github.com/JMURv/sso/internal/handler/grpc/grpc.go:98.3,99.17 2 0
github.com/JMURv/sso/internal/handler/grpc/grpc.go:99.17,102.4 2 0
github.com/JMURv/sso/internal/handler/grpc/grpc.go:104.3,105.27 2 0
github.com/JMURv/sso/internal/handler/grpc/usr_hdl.go:20.105,26.15 5 1
github.com/JMURv/sso/internal/handler/grpc/usr_hdl.go:26.15,29.3 2 1
github.com/JMURv/sso/internal/handler/grpc/usr_hdl.go:31.2,32.39 2 1
github.com/JMURv/sso/internal/handler/grpc/usr_hdl.go:32.39,36.3 3 1
github.com/JMURv/sso/internal/handler/grpc/usr_hdl.go:38.2,39.16 2 1
github.com/JMURv/sso/internal/handler/grpc/usr_hdl.go:39.16,43.3 3 1
github.com/JMURv/sso/internal/handler/grpc/usr_hdl.go:45.2,51.8 1 1
github.com/JMURv/sso/internal/handler/grpc/usr_hdl.go:54.103,60.15 5 1
github.com/JMURv/sso/internal/handler/grpc/usr_hdl.go:60.15,63.3 2 1
github.com/JMURv/sso/internal/handler/grpc/usr_hdl.go:65.2,66.28 2 1
github.com/JMURv/sso/internal/handler/grpc/usr_hdl.go:66.28,70.3 3 1
github.com/JMURv/sso/internal/handler/grpc/usr_hdl.go:72.2,73.16 2 1
github.com/JMURv/sso/internal/handler/grpc/usr_hdl.go:73.16,77.3 3 1
github.com/JMURv/sso/internal/handler/grpc/usr_hdl.go:79.2,85.8 1 1
github.com/JMURv/sso/internal/handler/grpc/usr_hdl.go:88.95,94.15 5 1
github.com/JMURv/sso/internal/handler/grpc/usr_hdl.go:94.15,97.3 2 1
github.com/JMURv/sso/internal/handler/grpc/usr_hdl.go:99.2,105.64 2 1
github.com/JMURv/sso/internal/handler/grpc/usr_hdl.go:105.64,109.3 3 1
github.com/JMURv/sso/internal/handler/grpc/usr_hdl.go:111.2,112.57 2 1
github.com/JMURv/sso/internal/handler/grpc/usr_hdl.go:112.57,116.3 3 1
github.com/JMURv/sso/internal/handler/grpc/usr_hdl.go:116.8,116.23 1 1
github.com/JMURv/sso/internal/handler/grpc/usr_hdl.go:116.23,120.3 3 1
github.com/JMURv/sso/internal/handler/grpc/usr_hdl.go:122.2,126.8 1 1
github.com/JMURv/sso/internal/handler/grpc/usr_hdl.go:129.83,135.15 5 1
github.com/JMURv/sso/internal/handler/grpc/usr_hdl.go:135.15,138.3 2 1
github.com/JMURv/sso/internal/handler/grpc/usr_hdl.go:140.2,141.35 2 1
github.com/JMURv/sso/internal/handler/grpc/usr_hdl.go:141.35,145.3 3 1
github.com/JMURv/sso/internal/handler/grpc/usr_hdl.go:147.2,148.52 2 1
github.com/JMURv/sso/internal/handler/grpc/usr_hdl.go:148.52,152.3 3 1
github.com/JMURv/sso/internal/handler/grpc/usr_hdl.go:152.8,152.23 1 1
github.com/JMURv/sso/internal/handler/grpc/usr_hdl.go:152.23,156.3 3 1
github.com/JMURv/sso/internal/handler/grpc/usr_hdl.go:158.2,158.35 1 1
github.com/JMURv/sso/internal/handler/grpc/usr_hdl.go:161.90,167.15 5 1
github.com/JMURv/sso/internal/handler/grpc/usr_hdl.go:167.15,170.3 2 1
github.com/JMURv/sso/internal/handler/grpc/usr_hdl.go:172.2,173.9 2 1
github.com/JMURv/sso/internal/handler/grpc/usr_hdl.go:173.9,177.3 3 1
github.com/JMURv/sso/internal/handler/grpc/usr_hdl.go:179.2,180.35 2 1
github.com/JMURv/sso/internal/handler/grpc/usr_hdl.go:180.35,184.3 3 1
github.com/JMURv/sso/internal/handler/grpc/usr_hdl.go:186.2,187.60 2 1
github.com/JMURv/sso/internal/handler/grpc/usr_hdl.go:187.60,191.3 3 1
github.com/JMURv/sso/internal/handler/grpc/usr_hdl.go:193.2,194.52 2 1
github.com/JMURv/sso/internal/handler/grpc/usr_hdl.go:194.52,198.3 3 1
github.com/JMURv/sso/internal/handler/grpc/usr_hdl.go:198.8,198.23 1 1
github.com/JMURv/sso/internal/handler/grpc/usr_hdl.go:198.23,202.3 3 1
github.com/JMURv/sso/internal/handler/grpc/usr_hdl.go:204.2,204.37 1 1
github.com/JMURv/sso/internal/handler/grpc/usr_hdl.go:207.87,213.15 5 1
github.com/JMURv/sso/internal/handler/grpc/usr_hdl.go:213.15,216.3 2 1
github.com/JMURv/sso/internal/handler/grpc/usr_hdl.go:218.2,219.9 2 1
github.com/JMURv/sso/internal/handler/grpc/usr_hdl.go:219.9,223.3 3 1
github.com/JMURv/sso/internal/handler/grpc/usr_hdl.go:225.2,226.35 2 1
github.com/JMURv/sso/internal/handler/grpc/usr_hdl.go:226.35,230.3 3 1
github.com/JMURv/sso/internal/handler/grpc/usr_hdl.go:232.2,233.16 2 1
github.com/JMURv/sso/internal/handler/grpc/usr_hdl.go:233.16,237.3 3 1
github.com/JMURv/sso/internal/handler/grpc/usr_hdl.go:239.2,239.25 1 1
